# JRE version: Java(TM) SE Runtime Environment (8.0_121-b13) (build 1.8.0_121-b13)
# Java VM: Java HotSpot(TM) 64-Bit Server VM (25.121-b13 mixed mode windows-amd64 compressed oops)
Heap:
 PSYoungGen      total 824832K, used 51522K [0x000000076b400000, 0x00000007a2e80000, 0x00000007c0000000)
  eden space 795648K, 6% used [0x000000076b400000,0x000000076e650b38,0x000000079bd00000)
  from space 29184K, 0% used [0x000000079bd00000,0x000000079bd00000,0x000000079d980000)
  to   space 29696K, 0% used [0x00000007a1180000,0x00000007a1180000,0x00000007a2e80000)
 ParOldGen       total 195584K, used 44975K [0x00000006c1c00000, 0x00000006cdb00000, 0x000000076b400000)
  object space 195584K, 22% used [0x00000006c1c00000,0x00000006c47ebf60,0x00000006cdb00000)
 Metaspace       used 43055K, capacity 44444K, committed 44760K, reserved 1089536K
  class space    used 4980K, capacity 5274K, committed 5376K, reserved 1048576K
GC Heap History (10 events):
Event: 110.895 GC heap before
{Heap before GC invocations=8 (full 1):
 PSYoungGen      total 539648K, used 382434K [0x000000076b400000, 0x000000078d400000, 0x00000007c0000000)
  eden space 523776K, 73% used [0x000000076b400000,0x0000000782978a20,0x000000078b380000)
  from space 15872K, 0% used [0x000000078c380000,0x000000078c380000,0x000000078d300000)
  to   space 16384K, 0% used [0x000000078b380000,0x000000078b380000,0x000000078c380000)
 ParOldGen       total 116736K, used 19241K [0x00000006c1c00000, 0x00000006c8e00000, 0x000000076b400000)
  object space 116736K, 16% used [0x00000006c1c00000,0x00000006c2eca690,0x00000006c8e00000)
 Metaspace       used 34510K, capacity 35252K, committed 35416K, reserved 1081344K
  class space    used 3937K, capacity 4149K, committed 4224K, reserved 1048576K
Event: 110.935 GC heap after
Heap after GC invocations=8 (full 1):
 PSYoungGen      total 540160K, used 16352K [0x000000076b400000, 0x000000079f780000, 0x00000007c0000000)
  eden space 523776K, 0% used [0x000000076b400000,0x000000076b400000,0x000000078b380000)
  from space 16384K, 99% used [0x000000078b380000,0x000000078c3781a8,0x000000078c380000)
  to   space 30720K, 0% used [0x000000079d980000,0x000000079d980000,0x000000079f780000)
 ParOldGen       total 116736K, used 44480K [0x00000006c1c00000, 0x00000006c8e00000, 0x000000076b400000)
  object space 116736K, 38% used [0x00000006c1c00000,0x00000006c47701b8,0x00000006c8e00000)
 Metaspace       used 34510K, capacity 35252K, committed 35416K, reserved 1081344K
  class space    used 3937K, capacity 4149K, committed 4224K, reserved 1048576K
}
Event: 110.935 GC heap before
{Heap before GC invocations=9 (full 2):
 PSYoungGen      total 540160K, used 16352K [0x000000076b400000, 0x000000079f780000, 0x00000007c0000000)
  eden space 523776K, 0% used [0x000000076b400000,0x000000076b400000,0x000000078b380000)
  from space 16384K, 99% used [0x000000078b380000,0x000000078c3781a8,0x000000078c380000)
  to   space 30720K, 0% used [0x000000079d980000,0x000000079d980000,0x000000079f780000)
 ParOldGen       total 116736K, used 44480K [0x00000006c1c00000, 0x00000006c8e00000, 0x000000076b400000)
  object space 116736K, 38% used [0x00000006c1c00000,0x00000006c47701b8,0x00000006c8e00000)
 Metaspace       used 34510K, capacity 35252K, committed 35416K, reserved 1081344K
  class space    used 3937K, capacity 4149K, committed 4224K, reserved 1048576K
Event: 111.142 GC heap after
Heap after GC invocations=9 (full 2):
 PSYoungGen      total 540160K, used 0K [0x000000076b400000, 0x000000079f780000, 0x00000007c0000000)
  eden space 523776K, 0% used [0x000000076b400000,0x000000076b400000,0x000000078b380000)
  from space 16384K, 0% used [0x000000078b380000,0x000000078b380000,0x000000078c380000)
  to   space 30720K, 0% used [0x000000079d980000,0x000000079d980000,0x000000079f780000)
 ParOldGen       total 195584K, used 52760K [0x00000006c1c00000, 0x00000006cdb00000, 0x000000076b400000)
  object space 195584K, 26% used [0x00000006c1c00000,0x00000006c4f86268,0x00000006cdb00000)
 Metaspace       used 34498K, capacity 35238K, committed 35416K, reserved 1081344K
  class space    used 3936K, capacity 4147K, committed 4224K, reserved 1048576K
}
Event: 113.405 GC heap before
{Heap before GC invocations=10 (full 2):
 PSYoungGen      total 540160K, used 523776K [0x000000076b400000, 0x000000079f780000, 0x00000007c0000000)
  eden space 523776K, 100% used [0x000000076b400000,0x000000078b380000,0x000000078b380000)
  from space 16384K, 0% used [0x000000078b380000,0x000000078b380000,0x000000078c380000)
  to   space 30720K, 0% used [0x000000079d980000,0x000000079d980000,0x000000079f780000)
 ParOldGen       total 195584K, used 52760K [0x00000006c1c00000, 0x00000006cdb00000, 0x000000076b400000)
  object space 195584K, 26% used [0x00000006c1c00000,0x00000006c4f86268,0x00000006cdb00000)
 Metaspace       used 42463K, capacity 43780K, committed 43864K, reserved 1087488K
  class space    used 4950K, capacity 5240K, committed 5248K, reserved 1048576K
Event: 113.427 GC heap after
Heap after GC invocations=10 (full 2):
 PSYoungGen      total 826368K, used 14994K [0x000000076b400000, 0x00000007a2d80000, 0x00000007c0000000)
  eden space 795648K, 0% used [0x000000076b400000,0x000000076b400000,0x000000079bd00000)
  from space 30720K, 48% used [0x000000079d980000,0x000000079e8248a0,0x000000079f780000)
  to   space 29184K, 0% used [0x000000079bd00000,0x000000079bd00000,0x000000079d980000)
 ParOldGen       total 195584K, used 52768K [0x00000006c1c00000, 0x00000006cdb00000, 0x000000076b400000)
  object space 195584K, 26% used [0x00000006c1c00000,0x00000006c4f88268,0x00000006cdb00000)
 Metaspace       used 42463K, capacity 43780K, committed 43864K, reserved 1087488K
  class space    used 4950K, capacity 5240K, committed 5248K, reserved 1048576K
}
Event: 114.430 GC heap before
{Heap before GC invocations=11 (full 2):
 PSYoungGen      total 826368K, used 736335K [0x000000076b400000, 0x00000007a2d80000, 0x00000007c0000000)
  eden space 795648K, 90% used [0x000000076b400000,0x000000079746f3a0,0x000000079bd00000)
  from space 30720K, 48% used [0x000000079d980000,0x000000079e8248a0,0x000000079f780000)
  to   space 29184K, 0% used [0x000000079bd00000,0x000000079bd00000,0x000000079d980000)
 ParOldGen       total 195584K, used 52768K [0x00000006c1c00000, 0x00000006cdb00000, 0x000000076b400000)
  object space 195584K, 26% used [0x00000006c1c00000,0x00000006c4f88268,0x00000006cdb00000)
 Metaspace       used 43138K, capacity 44660K, committed 44760K, reserved 1089536K
  class space    used 5001K, capacity 5312K, committed 5376K, reserved 1048576K
Event: 114.440 GC heap after
Heap after GC invocations=11 (full 2):
 PSYoungGen      total 824832K, used 4393K [0x000000076b400000, 0x00000007a2e80000, 0x00000007c0000000)
  eden space 795648K, 0% used [0x000000076b400000,0x000000076b400000,0x000000079bd00000)
  from space 29184K, 15% used [0x000000079bd00000,0x000000079c14a658,0x000000079d980000)
  to   space 29696K, 0% used [0x00000007a1180000,0x00000007a1180000,0x00000007a2e80000)
 ParOldGen       total 195584K, used 52776K [0x00000006c1c00000, 0x00000006cdb00000, 0x000000076b400000)
  object space 195584K, 26% used [0x00000006c1c00000,0x00000006c4f8a268,0x00000006cdb00000)
 Metaspace       used 43138K, capacity 44660K, committed 44760K, reserved 1089536K
  class space    used 5001K, capacity 5312K, committed 5376K, reserved 1048576K
}
Event: 114.440 GC heap before
{Heap before GC invocations=12 (full 3):
 PSYoungGen      total 824832K, used 4393K [0x000000076b400000, 0x00000007a2e80000, 0x00000007c0000000)
  eden space 795648K, 0% used [0x000000076b400000,0x000000076b400000,0x000000079bd00000)
  from space 29184K, 15% used [0x000000079bd00000,0x000000079c14a658,0x000000079d980000)
  to   space 29696K, 0% used [0x00000007a1180000,0x00000007a1180000,0x00000007a2e80000)
 ParOldGen       total 195584K, used 52776K [0x00000006c1c00000, 0x00000006cdb00000, 0x000000076b400000)
  object space 195584K, 26% used [0x00000006c1c00000,0x00000006c4f8a268,0x00000006cdb00000)
 Metaspace       used 43138K, capacity 44660K, committed 44760K, reserved 1089536K
  class space    used 5001K, capacity 5312K, committed 5376K, reserved 1048576K
Event: 114.756 GC heap after
Heap after GC invocations=12 (full 3):
 PSYoungGen      total 824832K, used 0K [0x000000076b400000, 0x00000007a2e80000, 0x00000007c0000000)
  eden space 795648K, 0% used [0x000000076b400000,0x000000076b400000,0x000000079bd00000)
  from space 29184K, 0% used [0x000000079bd00000,0x000000079bd00000,0x000000079d980000)
  to   space 29696K, 0% used [0x00000007a1180000,0x00000007a1180000,0x00000007a2e80000)
 ParOldGen       total 195584K, used 44975K [0x00000006c1c00000, 0x00000006cdb00000, 0x000000076b400000)
  object space 195584K, 22% used [0x00000006c1c00000,0x00000006c47ebf60,0x00000006cdb00000)
 Metaspace       used 43050K, capacity 44444K, committed 44760K, reserved 1089536K
  class space    used 4979K, capacity 5274K, committed 5376K, reserved 1048576K
}

